<?xml version="1.0" encoding="UTF-8"?>
<!-- Generated by org.testng.reporters.JUnitXMLReporter -->
<testsuite ignored="0" hostname="DESKTOP-H0JRATU" failures="0" tests="7" name="Test" time="87.448" errors="0" timestamp="2023-10-30T01:20:21 IST">
  <testcase classname="Capstoneproject_3_java.Capstoneproject_3_java.LoginTest" name="verifyLogin" time="11.567"/>
  <testcase classname="Capstoneproject_3_java.Capstoneproject_3_java.LoginTest" name="verifyLogin" time="0.873"/>
  <testcase classname="Capstoneproject_3_java.Capstoneproject_3_java.LoginTest" name="verifyLogin" time="10.938"/>
  <testcase classname="Capstoneproject_3_java.Capstoneproject_3_java.LoginTest" name="verifyLogin" time="16.029"/>
  <testcase classname="Capstoneproject_3_java.Capstoneproject_3_java.LoginTest" name="verifyLogin" time="10.929"/>
  <testcase classname="Capstoneproject_3_java.Capstoneproject_3_java.LoginTest" name="verifyLogin" time="10.902"/>
  <testcase classname="Capstoneproject_3_java.Capstoneproject_3_java.LoginTest" name="verifyLogin" time="0.819"/>
</testsuite> <!-- Test -->
