<?xml version="1.0" encoding="UTF-8"?>
<!-- Generated by org.testng.reporters.JUnitXMLReporter -->
<testsuite ignored="0" hostname="DESKTOP-H0JRATU" failures="0" tests="6" name="Default test" time="254.476" errors="0" timestamp="2023-10-30T00:47:48 IST">
  <testcase classname="Capstoneproject_3_java.Capstoneproject_3_java.LoginTest" name="verifyLogin" time="41.385"/>
  <testcase classname="Capstoneproject_3_java.Capstoneproject_3_java.LoginTest" name="verifyLogin" time="41.863"/>
  <testcase classname="Capstoneproject_3_java.Capstoneproject_3_java.LoginTest" name="verifyLogin" time="46.644"/>
  <testcase classname="Capstoneproject_3_java.Capstoneproject_3_java.LoginTest" name="verifyLogin" time="40.907"/>
  <testcase classname="Capstoneproject_3_java.Capstoneproject_3_java.LoginTest" name="verifyLogin" time="41.245"/>
  <testcase classname="Capstoneproject_3_java.Capstoneproject_3_java.LoginTest" name="verifyLogin" time="0.916"/>
</testsuite> <!-- Default test -->
