<?xml version="1.0" encoding="UTF-8"?>
<!-- Generated by org.testng.reporters.JUnitXMLReporter -->
<testsuite ignored="0" hostname="DESKTOP-H0JRATU" failures="0" tests="7" name="Default test" time="126.279" errors="0" timestamp="2023-10-31T00:01:27 IST">
  <testcase classname="Capstoneproject_3_java.Capstoneproject_3_java.LoginTest" name="verifyLogin" time="11.046"/>
  <testcase classname="Capstoneproject_3_java.Capstoneproject_3_java.LoginTest" name="verifyLogin" time="1.896"/>
  <testcase classname="Capstoneproject_3_java.Capstoneproject_3_java.LoginTest" name="verifyLogin" time="11.049"/>
  <testcase classname="Capstoneproject_3_java.Capstoneproject_3_java.LoginTest" name="verifyLogin" time="16.025"/>
  <testcase classname="Capstoneproject_3_java.Capstoneproject_3_java.LoginTest" name="verifyLogin" time="11.173"/>
  <testcase classname="Capstoneproject_3_java.Capstoneproject_3_java.LoginTest" name="verifyLogin" time="11.599"/>
  <testcase classname="Capstoneproject_3_java.Capstoneproject_3_java.LoginTest" name="verifyLogin" time="1.029"/>
</testsuite> <!-- Default test -->
