<?xml version="1.0" encoding="UTF-8"?>
<testng-results ignored="0" total="7" passed="7" failed="0" skipped="0">
  <reporter-output>
  </reporter-output>
  <suite started-at="2023-10-30T01:18:54 IST" name="Suite" finished-at="2023-10-30T01:20:21 IST" duration-ms="87448">
    <groups>
    </groups>
    <test started-at="2023-10-30T01:18:54 IST" name="Test" finished-at="2023-10-30T01:20:21 IST" duration-ms="87448">
      <class name="Capstoneproject_3_java.Capstoneproject_3_java.LoginTest">
        <test-method is-config="true" signature="beforeMethod()[pri:0, instance:Capstoneproject_3_java.Capstoneproject_3_java.LoginTest@942a29c]" started-at="2023-10-30T01:18:55 IST" name="beforeMethod" finished-at="2023-10-30T01:19:01 IST" duration-ms="5906" status="PASS">
          <reporter-output>
          </reporter-output>
        </test-method> <!-- beforeMethod -->
        <test-method signature="verifyLogin(java.lang.String,java.lang.String)[pri:0, instance:Capstoneproject_3_java.Capstoneproject_3_java.LoginTest@942a29c]" started-at="2023-10-30T01:19:01 IST" name="verifyLogin" description="This test verify successful and unsuccessful login" data-provider="getExcelData" finished-at="2023-10-30T01:19:13 IST" duration-ms="11567" status="PASS">
          <params>
            <param index="0">
              <value>
                <![CDATA[standard_user]]>
              </value>
            </param>
            <param index="1">
              <value>
                <![CDATA[secret_sauce]]>
              </value>
            </param>
          </params>
          <reporter-output>
          </reporter-output>
        </test-method> <!-- verifyLogin -->
        <test-method is-config="true" signature="afterMethod()[pri:0, instance:Capstoneproject_3_java.Capstoneproject_3_java.LoginTest@942a29c]" started-at="2023-10-30T01:19:13 IST" name="afterMethod" finished-at="2023-10-30T01:19:13 IST" duration-ms="182" status="PASS">
          <reporter-output>
          </reporter-output>
        </test-method> <!-- afterMethod -->
        <test-method is-config="true" signature="beforeMethod()[pri:0, instance:Capstoneproject_3_java.Capstoneproject_3_java.LoginTest@942a29c]" started-at="2023-10-30T01:19:13 IST" name="beforeMethod" finished-at="2023-10-30T01:19:16 IST" duration-ms="3552" status="PASS">
          <reporter-output>
          </reporter-output>
        </test-method> <!-- beforeMethod -->
        <test-method signature="verifyLogin(java.lang.String,java.lang.String)[pri:0, instance:Capstoneproject_3_java.Capstoneproject_3_java.LoginTest@942a29c]" started-at="2023-10-30T01:19:16 IST" name="verifyLogin" description="This test verify successful and unsuccessful login" data-provider="getExcelData" finished-at="2023-10-30T01:19:17 IST" duration-ms="873" status="PASS">
          <params>
            <param index="0">
              <value>
                <![CDATA[locked_out_user]]>
              </value>
            </param>
            <param index="1">
              <value>
                <![CDATA[secret_sauce]]>
              </value>
            </param>
          </params>
          <reporter-output>
          </reporter-output>
        </test-method> <!-- verifyLogin -->
        <test-method is-config="true" signature="afterMethod()[pri:0, instance:Capstoneproject_3_java.Capstoneproject_3_java.LoginTest@942a29c]" started-at="2023-10-30T01:19:17 IST" name="afterMethod" finished-at="2023-10-30T01:19:17 IST" duration-ms="206" status="PASS">
          <reporter-output>
          </reporter-output>
        </test-method> <!-- afterMethod -->
        <test-method is-config="true" signature="beforeMethod()[pri:0, instance:Capstoneproject_3_java.Capstoneproject_3_java.LoginTest@942a29c]" started-at="2023-10-30T01:19:17 IST" name="beforeMethod" finished-at="2023-10-30T01:19:20 IST" duration-ms="2653" status="PASS">
          <reporter-output>
          </reporter-output>
        </test-method> <!-- beforeMethod -->
        <test-method signature="verifyLogin(java.lang.String,java.lang.String)[pri:0, instance:Capstoneproject_3_java.Capstoneproject_3_java.LoginTest@942a29c]" started-at="2023-10-30T01:19:20 IST" name="verifyLogin" description="This test verify successful and unsuccessful login" data-provider="getExcelData" finished-at="2023-10-30T01:19:31 IST" duration-ms="10938" status="PASS">
          <params>
            <param index="0">
              <value>
                <![CDATA[problem_user]]>
              </value>
            </param>
            <param index="1">
              <value>
                <![CDATA[secret_sauce]]>
              </value>
            </param>
          </params>
          <reporter-output>
          </reporter-output>
        </test-method> <!-- verifyLogin -->
        <test-method is-config="true" signature="afterMethod()[pri:0, instance:Capstoneproject_3_java.Capstoneproject_3_java.LoginTest@942a29c]" started-at="2023-10-30T01:19:31 IST" name="afterMethod" finished-at="2023-10-30T01:19:31 IST" duration-ms="266" status="PASS">
          <reporter-output>
          </reporter-output>
        </test-method> <!-- afterMethod -->
        <test-method is-config="true" signature="beforeMethod()[pri:0, instance:Capstoneproject_3_java.Capstoneproject_3_java.LoginTest@942a29c]" started-at="2023-10-30T01:19:31 IST" name="beforeMethod" finished-at="2023-10-30T01:19:34 IST" duration-ms="2715" status="PASS">
          <reporter-output>
          </reporter-output>
        </test-method> <!-- beforeMethod -->
        <test-method signature="verifyLogin(java.lang.String,java.lang.String)[pri:0, instance:Capstoneproject_3_java.Capstoneproject_3_java.LoginTest@942a29c]" started-at="2023-10-30T01:19:34 IST" name="verifyLogin" description="This test verify successful and unsuccessful login" data-provider="getExcelData" finished-at="2023-10-30T01:19:50 IST" duration-ms="16029" status="PASS">
          <params>
            <param index="0">
              <value>
                <![CDATA[performance_glitch_user]]>
              </value>
            </param>
            <param index="1">
              <value>
                <![CDATA[secret_sauce]]>
              </value>
            </param>
          </params>
          <reporter-output>
          </reporter-output>
        </test-method> <!-- verifyLogin -->
        <test-method is-config="true" signature="afterMethod()[pri:0, instance:Capstoneproject_3_java.Capstoneproject_3_java.LoginTest@942a29c]" started-at="2023-10-30T01:19:50 IST" name="afterMethod" finished-at="2023-10-30T01:19:50 IST" duration-ms="163" status="PASS">
          <reporter-output>
          </reporter-output>
        </test-method> <!-- afterMethod -->
        <test-method is-config="true" signature="beforeMethod()[pri:0, instance:Capstoneproject_3_java.Capstoneproject_3_java.LoginTest@942a29c]" started-at="2023-10-30T01:19:50 IST" name="beforeMethod" finished-at="2023-10-30T01:19:53 IST" duration-ms="2587" status="PASS">
          <reporter-output>
          </reporter-output>
        </test-method> <!-- beforeMethod -->
        <test-method signature="verifyLogin(java.lang.String,java.lang.String)[pri:0, instance:Capstoneproject_3_java.Capstoneproject_3_java.LoginTest@942a29c]" started-at="2023-10-30T01:19:53 IST" name="verifyLogin" description="This test verify successful and unsuccessful login" data-provider="getExcelData" finished-at="2023-10-30T01:20:04 IST" duration-ms="10929" status="PASS">
          <params>
            <param index="0">
              <value>
                <![CDATA[error_user]]>
              </value>
            </param>
            <param index="1">
              <value>
                <![CDATA[secret_sauce]]>
              </value>
            </param>
          </params>
          <reporter-output>
          </reporter-output>
        </test-method> <!-- verifyLogin -->
        <test-method is-config="true" signature="afterMethod()[pri:0, instance:Capstoneproject_3_java.Capstoneproject_3_java.LoginTest@942a29c]" started-at="2023-10-30T01:20:04 IST" name="afterMethod" finished-at="2023-10-30T01:20:04 IST" duration-ms="234" status="PASS">
          <reporter-output>
          </reporter-output>
        </test-method> <!-- afterMethod -->
        <test-method is-config="true" signature="beforeMethod()[pri:0, instance:Capstoneproject_3_java.Capstoneproject_3_java.LoginTest@942a29c]" started-at="2023-10-30T01:20:04 IST" name="beforeMethod" finished-at="2023-10-30T01:20:06 IST" duration-ms="2414" status="PASS">
          <reporter-output>
          </reporter-output>
        </test-method> <!-- beforeMethod -->
        <test-method signature="verifyLogin(java.lang.String,java.lang.String)[pri:0, instance:Capstoneproject_3_java.Capstoneproject_3_java.LoginTest@942a29c]" started-at="2023-10-30T01:20:06 IST" name="verifyLogin" description="This test verify successful and unsuccessful login" data-provider="getExcelData" finished-at="2023-10-30T01:20:17 IST" duration-ms="10902" status="PASS">
          <params>
            <param index="0">
              <value>
                <![CDATA[visual_user]]>
              </value>
            </param>
            <param index="1">
              <value>
                <![CDATA[secret_sauce]]>
              </value>
            </param>
          </params>
          <reporter-output>
          </reporter-output>
        </test-method> <!-- verifyLogin -->
        <test-method is-config="true" signature="afterMethod()[pri:0, instance:Capstoneproject_3_java.Capstoneproject_3_java.LoginTest@942a29c]" started-at="2023-10-30T01:20:17 IST" name="afterMethod" finished-at="2023-10-30T01:20:17 IST" duration-ms="225" status="PASS">
          <reporter-output>
          </reporter-output>
        </test-method> <!-- afterMethod -->
        <test-method is-config="true" signature="beforeMethod()[pri:0, instance:Capstoneproject_3_java.Capstoneproject_3_java.LoginTest@942a29c]" started-at="2023-10-30T01:20:17 IST" name="beforeMethod" finished-at="2023-10-30T01:20:20 IST" duration-ms="2498" status="PASS">
          <reporter-output>
          </reporter-output>
        </test-method> <!-- beforeMethod -->
        <test-method signature="verifyLogin(java.lang.String,java.lang.String)[pri:0, instance:Capstoneproject_3_java.Capstoneproject_3_java.LoginTest@942a29c]" started-at="2023-10-30T01:20:20 IST" name="verifyLogin" description="This test verify successful and unsuccessful login" data-provider="getExcelData" finished-at="2023-10-30T01:20:21 IST" duration-ms="819" status="PASS">
          <params>
            <param index="0">
              <value>
                <![CDATA[wronguser]]>
              </value>
            </param>
            <param index="1">
              <value>
                <![CDATA[secret_sauce]]>
              </value>
            </param>
          </params>
          <reporter-output>
          </reporter-output>
        </test-method> <!-- verifyLogin -->
        <test-method is-config="true" signature="afterMethod()[pri:0, instance:Capstoneproject_3_java.Capstoneproject_3_java.LoginTest@942a29c]" started-at="2023-10-30T01:20:21 IST" name="afterMethod" finished-at="2023-10-30T01:20:21 IST" duration-ms="219" status="PASS">
          <reporter-output>
          </reporter-output>
        </test-method> <!-- afterMethod -->
      </class> <!-- Capstoneproject_3_java.Capstoneproject_3_java.LoginTest -->
    </test> <!-- Test -->
  </suite> <!-- Suite -->
</testng-results>
